c:\users\vladandlexa\source\repos\cats_inica\cats_inica\x64\debug\vc141.pdb
c:\users\vladandlexa\source\repos\cats_inica\cats_inica\x64\debug\vc141.idb
c:\users\vladandlexa\source\repos\cats_inica\cats_inica\x64\debug\source.obj
d:\ftp\projects\cats_inica\cats_inica\x64\debug\vc142.pdb
d:\ftp\projects\cats_inica\cats_inica\x64\debug\vc142.idb
d:\ftp\projects\cats_inica\cats_inica\x64\debug\source.obj
c:\users\vladandlexa\source\repos\cats_inica\x64\debug\cats_inica.ilk
c:\users\vladandlexa\source\repos\cats_inica\x64\debug\cats_inica.exe
c:\users\vladandlexa\source\repos\cats_inica\x64\debug\cats_inica.pdb
d:\ftp\projects\cats_inica\cats_inica\x64\debug\cats_inica.ilk
d:\ftp\projects\cats_inica\x64\debug\cats_inica.exe
d:\ftp\projects\cats_inica\x64\debug\cats_inica.pdb
d:\ftp\projects\cats_inica\cats_inica\x64\debug\vc141.idb
d:\ftp\projects\cats_inica\cats_inica\x64\debug\vc141.pdb
d:\ftp\projects\cats_inica\x64\debug\cats_inica.ilk
d:\ftp\projects\cats_inica\cats_inica\x64\debug\cats_inica.tlog\cl.command.1.tlog
d:\ftp\projects\cats_inica\cats_inica\x64\debug\cats_inica.tlog\cl.read.1.tlog
d:\ftp\projects\cats_inica\cats_inica\x64\debug\cats_inica.tlog\cl.write.1.tlog
d:\ftp\projects\cats_inica\cats_inica\x64\debug\cats_inica.tlog\link.command.1.tlog
d:\ftp\projects\cats_inica\cats_inica\x64\debug\cats_inica.tlog\link.read.1.tlog
d:\ftp\projects\cats_inica\cats_inica\x64\debug\cats_inica.tlog\link.write.1.tlog
